<?xml version="1.0" encoding="UTF-8"?>
<!-- Generated by org.testng.reporters.JUnitReportReporter -->
<testsuite hostname="DESKTOP-OT8OU31" name="basicselenium.TitleVrification" tests="1" failures="0" timestamp="27 Nov 2018 10:02:16 GMT" time="23.994" errors="0">
  <testcase name="VerifyApplicationTitle" time="23.994" classname="basicselenium.TitleVrification"/>
</testsuite> <!-- basicselenium.TitleVrification -->
