<?xml version="1.0" encoding="UTF-8"?>
<!-- Generated by org.testng.reporters.JUnitReportReporter -->
<testsuite hostname="DESKTOP-OT8OU31" name="ConditionsElements.DatefromDatePicker" tests="1" failures="0" timestamp="13 Dec 2018 16:25:40 GMT" time="15.319" errors="0">
  <testcase name="dateTimePicker" time="15.319" classname="ConditionsElements.DatefromDatePicker"/>
</testsuite> <!-- ConditionsElements.DatefromDatePicker -->
